<?xml version="1.0" encoding="UTF-8"?>
<testng-results ignored="0" total="1" passed="1" failed="0" skipped="0">
  <reporter-output>
  </reporter-output>
  <suite started-at="2023-06-26T12:29:39 BDT" name="Default suite" finished-at="2023-06-26T12:29:52 BDT" duration-ms="13140">
    <groups>
    </groups>
    <test started-at="2023-06-26T12:29:39 BDT" name="Default test" finished-at="2023-06-26T12:29:52 BDT" duration-ms="13140">
      <class name="Selenium.SeleniumTest">
        <test-method is-config="true" signature="setUp()[pri:0, instance:Selenium.SeleniumTest@2ea41516]" started-at="2023-06-26T12:29:39 BDT" name="setUp" finished-at="2023-06-26T12:29:43 BDT" duration-ms="3776" status="PASS">
          <reporter-output>
          </reporter-output>
        </test-method> <!-- setUp -->
        <test-method signature="login()[pri:0, instance:Selenium.SeleniumTest@2ea41516]" started-at="2023-06-26T12:29:43 BDT" name="login" finished-at="2023-06-26T12:29:52 BDT" duration-ms="9089" status="PASS">
          <reporter-output>
          </reporter-output>
        </test-method> <!-- login -->
        <test-method is-config="true" signature="tearDown()[pri:0, instance:Selenium.SeleniumTest@2ea41516]" started-at="2023-06-26T12:29:52 BDT" name="tearDown" finished-at="2023-06-26T12:29:52 BDT" duration-ms="205" status="PASS">
          <reporter-output>
          </reporter-output>
        </test-method> <!-- tearDown -->
      </class> <!-- Selenium.SeleniumTest -->
    </test> <!-- Default test -->
  </suite> <!-- Default suite -->
</testng-results>
