<?xml version="1.0" encoding="UTF-8"?>
<testng-results ignored="0" total="2" passed="2" failed="0" skipped="0">
  <reporter-output>
  </reporter-output>
  <suite started-at="2023-07-07T00:08:54 BDT" name="Default suite" finished-at="2023-07-07T00:09:12 BDT" duration-ms="18218">
    <groups>
    </groups>
    <test started-at="2023-07-07T00:08:54 BDT" name="Default test" finished-at="2023-07-07T00:09:12 BDT" duration-ms="18218">
      <class name="Selenium.SeleniumTest">
        <test-method is-config="true" signature="setUp()[pri:0, instance:Selenium.SeleniumTest@3a44431a]" started-at="2023-07-07T00:08:54 BDT" name="setUp" finished-at="2023-07-07T00:09:00 BDT" duration-ms="5455" status="PASS">
          <reporter-output>
          </reporter-output>
        </test-method> <!-- setUp -->
        <test-method signature="login()[pri:1, instance:Selenium.SeleniumTest@3a44431a]" started-at="2023-07-07T00:09:00 BDT" name="login" finished-at="2023-07-07T00:09:10 BDT" duration-ms="9812" status="PASS">
          <reporter-output>
          </reporter-output>
        </test-method> <!-- login -->
        <test-method signature="invalid_login()[pri:2, instance:Selenium.SeleniumTest@3a44431a]" started-at="2023-07-07T00:09:10 BDT" name="invalid_login" finished-at="2023-07-07T00:09:12 BDT" duration-ms="2343" status="PASS">
          <reporter-output>
          </reporter-output>
        </test-method> <!-- invalid_login -->
        <test-method is-config="true" signature="tearDown()[pri:0, instance:Selenium.SeleniumTest@3a44431a]" started-at="2023-07-07T00:09:12 BDT" name="tearDown" finished-at="2023-07-07T00:09:12 BDT" duration-ms="533" status="PASS">
          <reporter-output>
          </reporter-output>
        </test-method> <!-- tearDown -->
      </class> <!-- Selenium.SeleniumTest -->
    </test> <!-- Default test -->
  </suite> <!-- Default suite -->
</testng-results>
